<?xml version="1.0" encoding="UTF-8"?>
<Site BuildName="(empty)"
	BuildStamp="20240129-1317-Experimental"
	Name="tlemmel-Predator-PH317-51"
	Generator="ctest-3.22.1"
	CompilerName="/usr/bin/c++"
	CompilerVersion="11.4.0"
	OSName="Linux"
	Hostname="tlemmel-Predator-PH317-51"
	OSRelease="6.5.0-15-generic"
	OSVersion="#15~22.04.1-Ubuntu SMP PREEMPT_DYNAMIC Fri Jan 12 18:54:30 UTC 2"
	OSPlatform="x86_64"
	Is64Bits="1"
	VendorString="GenuineIntel"
	VendorID="Intel Corporation"
	FamilyID="6"
	ModelID="158"
	ProcessorCacheSize="6144"
	NumberOfLogicalCPU="8"
	NumberOfPhysicalCPU="4"
	TotalVirtualMemory="2047"
	TotalPhysicalMemory="15866"
	LogicalProcessorsPerPhysical="2"
	ProcessorClockFrequency="3399.97"
	>
	<Testing>
		<StartDateTime>Jan 29 14:21 CET</StartDateTime>
		<StartTestTime>1706534513</StartTestTime>
		<TestList/>
		<EndDateTime>Jan 29 14:21 CET</EndDateTime>
		<EndTestTime>1706534513</EndTestTime>
		<ElapsedMinutes>0</ElapsedMinutes>
	</Testing>
</Site>
